2025-02-10 12:43:00 | DEBUG | repo=2017-course-sys-int-activemq-seminar | action=commit
2025-04-16 13:14:00 | INFO | repo=2017-course-sys-int-activemq-seminar | action=commit
2025-05-16 07:56:00 | DEBUG | repo=2017-course-sys-int-activemq-seminar | action=commit
2025-11-04 20:02:00 | INFO | repo=2017-course-sys-int-activemq-seminar | action=commit
2025-05-19 12:37:00 | DEBUG | repo=2017-course-sys-int-activemq-seminar | action=commit
2025-02-08 19:22:00 | DEBUG | repo=2017-course-sys-int-activemq-seminar | action=commit
2025-09-21 15:33:00 | INFO | repo=2017-course-sys-int-activemq-seminar | action=commit
2025-07-26 07:39:00 | DEBUG | repo=2017-course-sys-int-activemq-seminar | action=commit
2025-12-16 10:10:00 | DEBUG | repo=2017-course-sys-int-activemq-seminar | action=commit
2025-04-28 19:29:00 | DEBUG | repo=2017-course-sys-int-activemq-seminar | action=commit
2025-10-01 13:04:00 | INFO | repo=2017-course-sys-int-activemq-seminar | action=pull
2025-12-18 11:03:00 | DEBUG | repo=2017-course-sys-int-activemq-seminar | action=edit | files=2
2025-10-17 21:41:00 | WARN | repo=2017-course-sys-int-activemq-seminar | action=commit
2025-02-16 15:12:00 | INFO | repo=2017-course-sys-int-activemq-seminar | action=commit
2025-08-26 19:33:00 | WARN | repo=2017-course-sys-int-activemq-seminar | action=commit
2025-07-25 21:11:00 | INFO | repo=2017-course-sys-int-activemq-seminar | action=commit
2025-02-12 21:18:00 | INFO | repo=2017-course-sys-int-activemq-seminar | action=commit
2025-03-09 07:54:00 | DEBUG | repo=2017-course-sys-int-activemq-seminar | action=commit
2025-02-18 10:45:00 | DEBUG | repo=2017-course-sys-int-activemq-seminar | action=test | passed=true
2025-12-20 18:31:00 | DEBUG | repo=2017-course-sys-int-activemq-seminar | action=test | passed=true
2025-09-16 10:30:00 | WARN | repo=2017-course-sys-int-activemq-seminar | action=commit
2025-07-13 13:42:00 | DEBUG | repo=2017-course-sys-int-activemq-seminar | action=commit
2025-02-21 17:37:00 | DEBUG | repo=2017-course-sys-int-activemq-seminar | action=commit
2025-10-20 07:03:00 | WARN | repo=2017-course-sys-int-activemq-seminar | action=commit
